New log file opened at Tue Apr 14 14:10:35 EDT 2015 by 1472@Kyle-PC
Sending msg to client activator-688e6226-c1a5-4042-8da9-232e3b9a381f: DetachedLogEvent(LogMessage(debug,sbt server socket logs are in: C:\Users\Kyle\Desktop\scala-play\hw1\.sbtserver\connections\master.log))
Sending msg to client activator-688e6226-c1a5-4042-8da9-232e3b9a381f: DetachedLogEvent(LogMessage(debug,sbt client logs are in: C:\Users\Kyle\Desktop\scala-play\hw1\.sbtserver\connections\activator-688e6226-c1a5-4042-8da9-232e3b9a381f.log))
Sending msg to client activator-688e6226-c1a5-4042-8da9-232e3b9a381f: DetachedLogEvent(LogMessage(debug,sbt general server logs are in: C:\Users\Kyle\Desktop\scala-play\hw1\.sbtserver\master.log))
Dropping message DetachedLogEvent(LogMessage(debug,sbt client logs are in: C:\Users\Kyle\Desktop\scala-play\hw1\.sbtserver\connections\activator-688e6226-c1a5-4042-8da9-232e3b9a381f.log)) because client activator-688e6226-c1a5-4042-8da9-232e3b9a381f of an exception serializing and sending: java.net.SocketException: Software caused connection abort: socket write error
Dropping message DetachedLogEvent(LogMessage(debug,sbt general server logs are in: C:\Users\Kyle\Desktop\scala-play\hw1\.sbtserver\master.log)) because client activator-688e6226-c1a5-4042-8da9-232e3b9a381f of an exception serializing and sending: java.net.SocketException: Software caused connection abort: socket write error
stack trace sending message was 
java.net.SocketException: Software caused connection abort: socket write error
	at java.net.SocketOutputStream.socketWrite0(Native Method)
	at java.net.SocketOutputStream.socketWrite(SocketOutputStream.java:109)
	at java.net.SocketOutputStream.write(SocketOutputStream.java:153)
	at java.io.BufferedOutputStream.flushBuffer(BufferedOutputStream.java:82)
	at java.io.BufferedOutputStream.flush(BufferedOutputStream.java:140)
	at java.io.DataOutputStream.flush(DataOutputStream.java:123)
	at sbt.impl.ipc.Peer.send(IPC.scala:79)
	at sbt.impl.ipc.Peer.send(IPC.scala:83)
	at sbt.impl.ipc.Peer.sendString(IPC.scala:106)
	at sbt.impl.ipc.Peer.sendJson(IPC.scala:119)
	at sbt.server.SbtClientHandler$$anonfun$send$1.apply$mcV$sp(SbtClientHandler.scala:128)
	at sbt.server.SbtClientHandler.wrappedSend(SbtClientHandler.scala:113)
	at sbt.server.SbtClientHandler.send(SbtClientHandler.scala:128)
	at sbt.server.SbtClientHandler$clientThread$.run(SbtClientHandler.scala:42)
stack trace sending message was 
java.net.SocketException: Software caused connection abort: socket write error
	at java.net.SocketOutputStream.socketWrite0(Native Method)
	at java.net.SocketOutputStream.socketWrite(SocketOutputStream.java:109)
	at java.net.SocketOutputStream.write(SocketOutputStream.java:153)
	at java.io.BufferedOutputStream.flushBuffer(BufferedOutputStream.java:82)
	at java.io.BufferedOutputStream.flush(BufferedOutputStream.java:140)
	at java.io.DataOutputStream.flush(DataOutputStream.java:123)
	at sbt.impl.ipc.Peer.send(IPC.scala:79)
	at sbt.impl.ipc.Peer.send(IPC.scala:83)
	at sbt.impl.ipc.Peer.sendString(IPC.scala:106)
	at sbt.impl.ipc.Peer.sendJson(IPC.scala:119)
	at sbt.server.SbtClientHandler$$anonfun$send$1.apply$mcV$sp(SbtClientHandler.scala:128)
	at sbt.server.SbtClientHandler.wrappedSend(SbtClientHandler.scala:113)
	at sbt.server.SbtClientHandler.send(SbtClientHandler.scala:128)
	at sbt.server.SbtServerSocketHandler$$anon$1.run(SbtServerSocketHandler.scala:94)
Reading next message from client.
Client activator-688e6226-c1a5-4042-8da9-232e3b9a381f closed, java.net.SocketException: socket is closed, shutting down
Dropping message (0,ReceivedResponse()) to dead client activator-688e6226-c1a5-4042-8da9-232e3b9a381f
Client activator-688e6226-c1a5-4042-8da9-232e3b9a381f thread exiting.
